2019-04-14 21:14:44 | yaf.error | 8908 | 5cb332448c267 | 1555247684.655 | Unable to find config file 'D:\item\blogger/conf/adminwxunscn.ini' | D:\item\blogger\app\Bootstrap.php in line 106
2019-04-14 21:16:10 | yaf.error | 8908 | 5cb3329a9dacf | 1555247770.674 | Yaf\Router::addConfig(): Unable to initialize route named 'route' | D:\item\blogger\app\Bootstrap.php in line 107
2019-04-14 21:16:27 | yaf.error | 8908 | 5cb332ab55dfa | 1555247787.432 | There is no module Adminwxunscn | D:\item\blogger\public\index.php in line 12
2019-04-14 21:17:56 | yaf.error | 8908 | 5cb3330410aab | 1555247876.143 | There is no module Adminwxunscn | D:\item\blogger\public\index.php in line 12
2019-04-14 21:17:59 | yaf.error | 8908 | 5cb33307ba792 | 1555247879.821 | There is no module Adminwxunscn | D:\item\blogger\public\index.php in line 12
2019-04-14 21:20:53 | yaf.error | 8908 | 5cb333b5240a0 | 1555248053.225 | Argument 2 passed to Twig\Environment::render() must be of the type array, null given, called in D:\item\blogger\app\library\Twig\Adapter.php on line 92 | D:\item\blogger\vendor\twig\twig\src\Environment.php in line 317
2019-04-14 21:21:27 | yaf.error | 8908 | 5cb333d77444d | 1555248087.563 | Argument 2 passed to Twig\Environment::render() must be of the type array, null given, called in D:\item\blogger\app\library\Twig\Adapter.php on line 92 | D:\item\blogger\vendor\twig\twig\src\Environment.php in line 317
2019-04-14 21:21:58 | yaf.error | 8908 | 5cb333f64480f | 1555248118.451 | Unable to find template "index/admin/index.twig.twig" (looked into: D:\item\blogger/resources/views). | D:\item\blogger\vendor\twig\twig\src\Loader\FilesystemLoader.php in line 239
2019-04-14 21:22:08 | yaf.error | 8908 | 5cb333ffe9f4e | 1555248128.21 | Unable to find template "index/admin/index.twig" (looked into: D:\item\blogger/resources/views). | D:\item\blogger\vendor\twig\twig\src\Loader\FilesystemLoader.php in line 239
2019-04-14 21:22:21 | yaf.error | 8908 | 5cb3340d3f1c5 | 1555248141.326 | Unable to find template "index/admin/index.twig" (looked into: D:\item\blogger/resources/views). | D:\item\blogger\vendor\twig\twig\src\Loader\FilesystemLoader.php in line 239
2019-04-14 21:23:20 | yaf.error | 8908 | 5cb33448940e9 | 1555248200.693 | Unable to find template "index/admin/index.twig" (looked into: D:\item\blogger/resources/views). | D:\item\blogger\vendor\twig\twig\src\Loader\FilesystemLoader.php in line 239
2019-04-14 21:23:45 | yaf.error | 8908 | 5cb33461026fc | 1555248225.77 | Argument 2 passed to Twig\Environment::render() must be of the type array, null given, called in D:\item\blogger\app\library\Twig\Adapter.php on line 92 | D:\item\blogger\vendor\twig\twig\src\Environment.php in line 317
2019-04-14 21:23:50 | yaf.error | 8908 | 5cb3346628011 | 1555248230.239 | Unable to find template "index/admin/index.twig" (looked into: D:\item\blogger/resources/views). | D:\item\blogger\vendor\twig\twig\src\Loader\FilesystemLoader.php in line 239
2019-04-14 21:29:10 | yaf.error | 8908 | 5cb335a6ac43f | 1555248550.784 | Undefined property: IndexController::$_script_path | D:\item\blogger\app\modules\Adminwxunscn\controllers\Index.php in line 8
2019-04-14 21:29:45 | yaf.error | 8908 | 5cb335c9ac93a | 1555248585.845 | Undefined property: IndexController::$_script_path | D:\item\blogger\app\modules\Adminwxunscn\controllers\Index.php in line 9
2019-04-14 21:30:01 | yaf.error | 8908 | 5cb335d9cb352 | 1555248601.903 | Argument 2 passed to Twig\Environment::render() must be of the type array, null given, called in D:\item\blogger\app\library\Twig\Adapter.php on line 92 | D:\item\blogger\vendor\twig\twig\src\Environment.php in line 317
2019-04-14 21:31:05 | yaf.error | 8908 | 5cb336197d652 | 1555248665.610 | Call to undefined method IndexController::rander() | D:\item\blogger\app\controllers\Index.php in line 23
2019-04-14 21:31:19 | yaf.error | 8908 | 5cb33627b3e91 | 1555248679.828 | Unable to find template "index/admin/index.twig" (looked into: D:\item\blogger/resources/views). | D:\item\blogger\vendor\twig\twig\src\Loader\FilesystemLoader.php in line 239
2019-04-14 21:36:05 | yaf.error | 8908 | 5cb33745cd02b | 1555248965.949 | Argument 2 passed to Twig\Environment::render() must be of the type array, null given, called in D:\item\blogger\app\library\Twig\Adapter.php on line 92 | D:\item\blogger\vendor\twig\twig\src\Environment.php in line 317
2019-04-14 21:39:22 | yaf.error | 8908 | 5cb33809e65e3 | 1555249162.22 | Argument 2 passed to Twig\Environment::display() must be of the type array, null given, called in D:\item\blogger\app\library\Twig\Adapter.php on line 92 | D:\item\blogger\vendor\twig\twig\src\Environment.php in line 332
2019-04-14 21:41:29 | yaf.error | 8908 | 5cb33888dad24 | 1555249289.6 | Unable to find template "admin/index" (looked into: D:\item\blogger/resources/views). | D:\item\blogger\vendor\twig\twig\src\Loader\FilesystemLoader.php in line 239
2019-04-14 21:42:11 | yaf.error | 8908 | 5cb338b375528 | 1555249331.557 | Unable to find template "admin/index" (looked into: D:\item\blogger/resources/views). | D:\item\blogger\vendor\twig\twig\src\Loader\FilesystemLoader.php in line 239
2019-04-14 21:42:29 | yaf.error | 8908 | 5cb338c5a8f94 | 1555249349.922 | Unable to find template "admin/index" (looked into: D:\item\blogger/resources/views). | D:\item\blogger\vendor\twig\twig\src\Loader\FilesystemLoader.php in line 239
2019-04-14 21:43:12 | yaf.error | 8908 | 5cb338f06203b | 1555249392.765 | Argument 2 passed to Twig\Environment::display() must be of the type array, null given, called in D:\item\blogger\app\library\Twig\Adapter.php on line 91 | D:\item\blogger\vendor\twig\twig\src\Environment.php in line 332
2019-04-14 21:46:22 | yaf.error | 8908 | 5cb339aeb7b94 | 1555249582.824 | Argument 2 passed to Twig\Environment::display() must be of the type array, null given, called in D:\item\blogger\app\library\Twig\Adapter.php on line 91 | D:\item\blogger\vendor\twig\twig\src\Environment.php in line 332
2019-04-14 21:49:26 | yaf.error | 8908 | 5cb33a6636ccc | 1555249766.301 | Argument 2 passed to Twig\Environment::display() must be of the type array, null given, called in D:\item\blogger\app\library\Twig\Adapter.php on line 91 | D:\item\blogger\vendor\twig\twig\src\Environment.php in line 332
2019-04-14 21:49:39 | yaf.error | 8908 | 5cb33a73a6dca | 1555249779.740 | Argument 2 passed to Twig\Environment::render() must be of the type array, null given, called in D:\item\blogger\app\library\Twig\Adapter.php on line 92 | D:\item\blogger\vendor\twig\twig\src\Environment.php in line 317
2019-04-14 21:49:42 | yaf.error | 8908 | 5cb33a765fe64 | 1555249782.464 | Argument 2 passed to Twig\Environment::render() must be of the type array, null given, called in D:\item\blogger\app\library\Twig\Adapter.php on line 92 | D:\item\blogger\vendor\twig\twig\src\Environment.php in line 317
2019-04-14 21:49:42 | yaf.error | 8908 | 5cb33a76d052f | 1555249782.914 | Argument 2 passed to Twig\Environment::render() must be of the type array, null given, called in D:\item\blogger\app\library\Twig\Adapter.php on line 92 | D:\item\blogger\vendor\twig\twig\src\Environment.php in line 317
2019-04-14 21:49:43 | yaf.error | 8908 | 5cb33a77398f6 | 1555249783.295 | Argument 2 passed to Twig\Environment::render() must be of the type array, null given, called in D:\item\blogger\app\library\Twig\Adapter.php on line 92 | D:\item\blogger\vendor\twig\twig\src\Environment.php in line 317
2019-04-14 21:49:43 | yaf.error | 8908 | 5cb33a7794560 | 1555249783.683 | Argument 2 passed to Twig\Environment::render() must be of the type array, null given, called in D:\item\blogger\app\library\Twig\Adapter.php on line 92 | D:\item\blogger\vendor\twig\twig\src\Environment.php in line 317
2019-04-14 21:49:44 | yaf.error | 8908 | 5cb33a77f2da8 | 1555249784.60 | Argument 2 passed to Twig\Environment::render() must be of the type array, null given, called in D:\item\blogger\app\library\Twig\Adapter.php on line 92 | D:\item\blogger\vendor\twig\twig\src\Environment.php in line 317
2019-04-14 21:56:03 | yaf.error | 8908 | 5cb33bf3ba1da | 1555250163.903 | Unable to find template "admin/index" (looked into: D:\item\blogger/resources/views). | D:\item\blogger\vendor\twig\twig\src\Loader\FilesystemLoader.php in line 239
2019-04-14 21:57:24 | yaf.error | 8908 | 5cb33c4427f1e | 1555250244.261 | Unable to find template "admin/index" (looked into: D:\item\blogger/resources/views). | D:\item\blogger\vendor\twig\twig\src\Loader\FilesystemLoader.php in line 239
2019-04-14 21:57:38 | yaf.error | 8908 | 5cb33c52583f2 | 1555250258.528 | Failed opening controller script D:\item\blogger/app\controllers\Base.js.php: No such file or directory | D:\item\blogger\public\index.php in line 12
2019-04-14 21:57:57 | yaf.error | 8908 | 5cb33c6552a00 | 1555250277.556 | Failed opening controller script D:\item\blogger/app\controllers\Base.js.php: No such file or directory | D:\item\blogger\public\index.php in line 12
2019-04-14 21:58:02 | yaf.error | 8908 | 5cb33c6abe862 | 1555250282.880 | Failed opening controller script D:\item\blogger/app\controllers\Base.js.php: No such file or directory | D:\item\blogger\public\index.php in line 12
2019-04-14 21:58:20 | yaf.error | 8908 | 5cb33c7c3f0ad | 1555250300.395 | Failed opening controller script D:\item\blogger/app\controllers\Base.js.php: No such file or directory | D:\item\blogger\public\index.php in line 12
2019-04-14 21:58:22 | yaf.error | 8908 | 5cb33c7e25a0a | 1555250302.242 | Failed opening controller script D:\item\blogger/app\controllers\Base.js.php: No such file or directory | D:\item\blogger\public\index.php in line 12
2019-04-14 21:59:53 | yaf.error | 8908 | 5cb33cd982510 | 1555250393.658 | Failed opening controller script D:\item\blogger/app\controllers\Base.js.php: No such file or directory | D:\item\blogger\public\index.php in line 12
