2019-03-27 19:30:12 | DB | 7800 | 5c9b5ec3a3988 | 1553686212.371 | select * from `users` inner join `auth` on `users`.`auth` = `auth`.`id` where (`users`.`username` = 'wxuns' and `users`.`password` = '23ddd915db5ad1ac433daf9263d55be7') limit 1 | time:106.85
2019-03-27 19:30:16 | DB | 7800 | 5c9b5ec842ea5 | 1553686216.463 | select * from `todo` where `user_id` = '1' | time:37.71
2019-03-27 20:44:25 | DB | 7800 | 5c9b702912448 | 1553690665.270 | insert into `todo` (`content`, `time`, `user_id`) values ('测试1', '2019-4-6 11:00', '1') | time:94.15
2019-03-27 20:45:00 | DB | 7800 | 5c9b704cb6b2b | 1553690700.925 | insert into `todo` (`content`, `time`, `user_id`) values ('测试2', '2019-3-30 10:30', '1') | time:92.66
2019-03-27 20:45:12 | DB | 7800 | 5c9b7058c98fb | 1553690712.994 | insert into `todo` (`content`, `time`, `user_id`) values ('blog开发', '2019-3-30 10:00', '1') | time:93.42
2019-03-27 20:47:45 | DB | 7800 | 5c9b70f0cfadc | 1553690865.51 | select * from `users` inner join `auth` on `users`.`auth` = `auth`.`id` where (`users`.`username` = 'wxuns' and `users`.`password` = '23ddd915db5ad1ac433daf9263d55be7') limit 1 | time:85.61
2019-03-27 20:47:48 | DB | 7800 | 5c9b70f47cc93 | 1553690868.599 | select * from `todo` where `user_id` = '1' | time:11.83
2019-03-27 21:00:18 | DB | 7800 | 5c9b73e25cb37 | 1553691618.666 | select * from `todo` where `user_id` = '1' | time:22.39
2019-03-27 21:01:54 | DB | 7800 | 5c9b74424347f | 1553691714.383 | select * from `todo` where `user_id` = '1' and `status` = '1' | time:12.57
2019-03-27 21:02:25 | DB | 7800 | 5c9b7461c6459 | 1553691745.962 | select * from `todo` where `user_id` = '1' and `status` = '1' | time:24.32
2019-03-27 21:03:20 | DB | 7800 | 5c9b74986d3a2 | 1553691800.546 | select * from `todo` where `user_id` = '1' and `status` = '1' | time:10.88
2019-03-27 21:06:43 | DB | 7800 | 5c9b7563a18c6 | 1553692003.945 | select * from `todo` where `user_id` = '1' and `status` = '1' | time:48.5
2019-03-27 21:06:48 | DB | 7800 | 5c9b756836b58 | 1553692008.354 | select * from `todo` where `user_id` = '1' and `status` = '1' | time:11.94
2019-03-27 21:07:58 | DB | 7800 | 5c9b75aeae755 | 1553692078.855 | select * from `todo` where `user_id` = '1' and `status` = '1' | time:17.01
2019-03-27 21:07:59 | DB | 7800 | 5c9b75aee74ee | 1553692079.138 | select * from `todo` where `user_id` = '1' and `status` = '1' | time:11.16
2019-03-27 21:08:14 | DB | 7800 | 5c9b75be25c41 | 1553692094.279 | select * from `todo` where `user_id` = '1' and `status` = '1' | time:12.25
2019-03-27 21:08:51 | DB | 7800 | 5c9b75e33c953 | 1553692131.446 | select * from `todo` where `user_id` = '1' and `status` = '1' | time:21.81
2019-03-27 21:10:42 | DB | 7800 | 5c9b76526c930 | 1553692242.536 | select * from `users` inner join `auth` on `users`.`auth` = `auth`.`id` where (`users`.`username` = 'wxuns' and `users`.`password` = '23ddd915db5ad1ac433daf9263d55be7') limit 1 | time:20.44
2019-03-27 21:10:45 | DB | 7800 | 5c9b7655185cd | 1553692245.241 | select * from `todo` where `user_id` = '1' and `status` = '1' | time:18.5
2019-03-27 21:15:45 | DB | 7800 | 5c9b77818f0e8 | 1553692545.817 | select * from `todo` where `user_id` = '1' and `status` = '1' | time:18.64
2019-03-27 21:15:52 | DB | 7800 | 5c9b7787c6790 | 1553692552.19 | select * from `todo` where `user_id` = '1' and `status` = '1' | time:15.29
2019-03-27 21:16:32 | DB | 7800 | 5c9b77b0ba2b2 | 1553692592.957 | select * from `todo` where `user_id` = '1' and `status` = '1' | time:18.32
2019-03-27 21:16:57 | DB | 7800 | 5c9b77c92104f | 1553692617.304 | select * from `todo` where `user_id` = '1' and `status` = '1' | time:20.13
2019-03-27 21:17:36 | DB | 7800 | 5c9b77f023466 | 1553692656.265 | select * from `todo` where `user_id` = '1' and `status` = '1' | time:12.26
2019-03-27 21:23:55 | DB | 7800 | 5c9b796b9bfb0 | 1553693035.732 | select * from `todo` where `user_id` = '1' and `status` = '1' | time:11.52
2019-03-27 21:24:08 | DB | 7800 | 5c9b7978901e8 | 1553693048.679 | select * from `todo` where `user_id` = '1' and `status` = '1' | time:21.54
2019-03-27 21:24:36 | DB | 7800 | 5c9b79944a57f | 1553693076.565 | select * from `todo` where `user_id` = '1' and `status` = '1' | time:33.12
2019-03-27 21:24:47 | DB | 7800 | 5c9b799f16a90 | 1553693087.328 | select * from `todo` where `user_id` = '1' and `status` = '1' | time:22.04
2019-03-27 21:25:08 | DB | 7800 | 5c9b79b4c17da | 1553693108.967 | select * from `todo` where `user_id` = '1' and `status` = '1' | time:14.67
2019-03-27 21:25:55 | DB | 7800 | 5c9b79e2f1ad6 | 1553693155.90 | select * from `todo` where `user_id` = '1' and `status` = '1' | time:23.61
2019-03-27 21:26:02 | DB | 7800 | 5c9b79e9c2db9 | 1553693162.38 | select * from `todo` where `user_id` = '1' and `status` = '1' | time:18.41
2019-03-27 21:26:18 | DB | 7800 | 5c9b79fa1ed61 | 1553693178.262 | select * from `todo` where `user_id` = '1' and `status` = '1' | time:23.44
2019-03-27 21:27:21 | DB | 7800 | 5c9b7a39594fb | 1553693241.662 | select * from `todo` where `user_id` = '1' and `status` = '1' | time:32.62
2019-03-27 21:27:43 | DB | 7800 | 5c9b7a4f8340e | 1553693263.675 | insert into `todo` (`content`, `time`, `user_id`) values ('测呃得到的', '2019-3-30 11:00', '1') | time:64.69
2019-03-27 21:29:56 | DB | 7800 | 5c9b7ad4478e6 | 1553693396.515 | select * from `todo` where `user_id` = '1' and `status` = '1' | time:31.42
2019-03-27 21:30:01 | DB | 7800 | 5c9b7ad8e9bb3 | 1553693401.40 | select * from `todo` where `user_id` = '1' and `status` = '1' | time:17.75
2019-03-27 21:30:25 | DB | 7800 | 5c9b7af1b33d8 | 1553693425.903 | select * from `todo` where `user_id` = '1' and `status` = '1' | time:13.51
2019-03-27 21:30:40 | DB | 7800 | 5c9b7b00b602e | 1553693440.917 | insert into `todo` (`content`, `time`, `user_id`, `status`) values ('测试213213', '2019-3-30 11:00', '1', '1') | time:87.71
2019-03-27 21:31:03 | DB | 7800 | 5c9b7b1788876 | 1553693463.686 | select * from `todo` where `user_id` = '1' and `status` = '1' | time:14.15
2019-03-27 21:32:45 | DB | 7800 | 5c9b7b7ce2637 | 1553693565.67 | select * from `todo` where `user_id` = '1' and `status` = '1' order by `time` desc | time:13.92
2019-03-27 21:32:57 | DB | 7800 | 5c9b7b89360f8 | 1553693577.333 | select * from `todo` where `user_id` = '1' and `status` = '1' order by `time` asc | time:21.04
2019-03-27 21:34:01 | DB | 7800 | 5c9b7bc9246af | 1553693641.324 | select * from `todo` where `user_id` = '1' and `status` = '1' order by `time` asc | time:24.5
2019-03-27 21:34:09 | DB | 7800 | 5c9b7bd1bf74f | 1553693649.944 | select * from `todo` where `user_id` = '1' and `status` = '1' order by `time` asc | time:21.01
2019-03-27 21:34:20 | DB | 7800 | 5c9b7bdc0da2a | 1553693660.237 | insert into `todo` (`content`, `time`, `user_id`, `status`) values ('的身世', '2019-3-29 11:00', '1', '1') | time:81.38
2019-03-27 21:34:29 | DB | 7800 | 5c9b7be4df7dc | 1553693669.38 | select * from `todo` where `user_id` = '1' and `status` = '1' order by `time` asc | time:17.02
2019-03-27 21:40:58 | DB | 7800 | 5c9b7d6a054f8 | 1553694058.308 | select * from `todo` where `user_id` = '1' and `status` = '1' order by `time` asc | time:19.32
2019-03-27 21:41:04 | DB | 7800 | 5c9b7d70c1bf2 | 1553694064.905 | select * from `todo` where `user_id` = '1' and `status` = '1' order by `time` asc | time:13.82
2019-03-27 21:41:15 | DB | 7800 | 5c9b7d7bca1af | 1553694075.968 | select * from `todo` where `user_id` = '1' and `status` = '1' order by `time` asc | time:15.03
2019-03-27 21:43:25 | DB | 7800 | 5c9b7dfd8981b | 1553694205.771 | select * from `todo` where `user_id` = '1' and `status` = '1' order by `time` asc | time:43.71
2019-03-27 21:43:53 | DB | 7800 | 5c9b7e197a35d | 1553694233.704 | select * from `todo` where `user_id` = '1' and `status` = '1' order by `time` asc | time:16.97
2019-03-27 21:44:16 | DB | 7800 | 5c9b7e30b27b5 | 1553694256.892 | insert into `todo` (`content`, `time`, `user_id`, `status`) values ('测试事实上身上', '2019-3-31 10:30', '1', '1') | time:63.22
2019-03-27 21:44:53 | DB | 7800 | 5c9b7e55770e4 | 1553694293.664 | select * from `todo` where `user_id` = '1' and `status` = '1' order by `time` asc | time:11.51
2019-03-27 21:45:09 | DB | 7800 | 5c9b7e65cc4b1 | 1553694309.967 | select * from `todo` where `user_id` = '1' and `status` = '1' order by `time` asc | time:12.57
2019-03-27 21:45:12 | DB | 7800 | 5c9b7e68a02b5 | 1553694312.818 | select * from `todo` where `user_id` = '1' and `status` = '1' order by `time` asc | time:17.71
2019-03-27 21:45:34 | DB | 7800 | 5c9b7e7dd528c | 1553694334.93 | insert into `todo` (`content`, `time`, `user_id`, `status`) values ('的完全额外企鹅委屈', '2019-4-6 10:30', '1', '1') | time:113.27
2019-03-27 21:47:48 | DB | 7800 | 5c9b7f045a505 | 1553694468.551 | select * from `todo` where `user_id` = '1' and `status` = '1' order by `time` asc | time:21.4
2019-03-27 21:48:18 | DB | 7800 | 5c9b7f2239ed4 | 1553694498.420 | select * from `todo` where `user_id` = '1' and `status` = '1' order by `time` asc | time:35.82
2019-03-27 21:48:32 | DB | 7800 | 5c9b7f3065401 | 1553694512.596 | select * from `todo` where `user_id` = '1' and `status` = '1' order by `time` asc | time:18.17
2019-03-27 21:48:53 | DB | 7800 | 5c9b7f45071ec | 1553694533.134 | select * from `todo` where `user_id` = '1' and `status` = '1' order by `time` asc | time:15.66
2019-03-27 21:50:13 | DB | 7800 | 5c9b7f95989e3 | 1553694613.808 | select * from `todo` where `user_id` = '1' and `status` = '1' order by `time` asc | time:25.49
2019-03-27 21:50:31 | DB | 7800 | 5c9b7fa73a0a2 | 1553694631.431 | select * from `todo` where `user_id` = '1' and `status` = '1' order by `time` asc | time:26.06
2019-03-27 21:50:50 | DB | 7800 | 5c9b7fbaa2d2b | 1553694650.863 | insert into `todo` (`content`, `time`, `user_id`, `status`) values ('博客开发', '2019-3-31 11:00', '1', '1') | time:113.28
2019-03-27 22:23:31 | DB | 7800 | 5c9b87631ff2f | 1553696611.325 | select * from `todo` where `user_id` = '1' and `status` = '1' order by `time` asc | time:20.52
2019-03-27 22:24:57 | DB | 7800 | 5c9b87b8df6e2 | 1553696697.129 | select * from `todo` where `user_id` = '1' and `status` = '1' order by `time` asc | time:25.89
2019-03-27 22:25:49 | DB | 7800 | 5c9b87ece1f6e | 1553696749.112 | select * from `todo` where `user_id` = '1' and `status` = '1' order by `time` asc | time:19.48
2019-03-27 22:57:05 | DB | 7800 | 5c9b8f4175b5f | 1553698625.591 | select * from `todo` where `user_id` = '1' and `status` = '1' order by `time` asc | time:13.01
2019-03-27 22:57:18 | DB | 7800 | 5c9b8f4e217c1 | 1553698638.261 | select * from `todo` where `user_id` = '1' and `status` = '1' order by `time` asc | time:13
2019-03-27 22:57:31 | DB | 7800 | 5c9b8f5ab8564 | 1553698651.491 | select * from `todo` where `user_id` = '1' and `status` = '1' order by `time` asc | time:29.35
2019-03-27 22:57:39 | DB | 7800 | 5c9b8f63bf041 | 1553698659.959 | select * from `todo` where `user_id` = '1' and `status` = '1' order by `time` asc | time:13
2019-03-27 22:58:27 | DB | 7800 | 5c9b8f933eb32 | 1553698707.502 | select * from `todo` where `user_id` = '1' and `status` = '1' order by `time` asc | time:39.58
